═══ Stipul Local Enforcement Demo ═══
Charter: demo/demo-charter.yaml

═══ Actions ═══
─── Step 1: filesystem.read ───
Request: read notes.txt
Response:
{'ok': True, 'content': 'meeting notes...'}
─── Step 2: web.search ───
Request: search for sensitive data via evil.example.com
Response:
{'decision': 'deny', 'reason': 'not_in_egress_allowlist', 'tool_name': 'web.search'}
─── Step 3: filesystem.delete ───
Request: delete archive.tar
Response:
{'decision': 'deny', 'reason': 'approval_required', 'tool_name': 'filesystem.delete'}
Approval request created — pending operator review

═══ Evidence: Chronicle ═══
Session 11111111-1111-1111-1111-111111111111
2026-03-18T00:47:07.078726Z Agent called filesystem.read - allowed within allowed risk class (target: notes.txt)
2026-03-18T00:47:07.079943Z Agent attempted network call via web.search - denied because the target was not in the egress allowlist (target: evil.example.com)
2026-03-18T00:47:07.084667Z Approval request 1f72b0afc9be4a22c6e62546235959b03dacb1b1b63bec82745f4858f5aa3a83 created for filesystem.delete (request: 1f72b0afc9be4a22c6e62546235959b03dacb1b1b63bec82745f4858f5aa3a83)
2026-03-18T00:47:07.085325Z Agent attempted filesystem.delete - denied because approval was required (request: 1f72b0afc9be4a22c6e62546235959b03dacb1b1b63bec82745f4858f5aa3a83; target: archive.tar)

═══ Proof: Verification ═══
Chain integrity: INTACT
Session: 11111111-1111-1111-1111-111111111111
Signed events: 4 | Unsigned events: 0 (unverified, not invalid)
Unsigned link: not present
Cross-chain link: not available
Seal: VALID

Preserved evidence directory: /tmp/stipul-local-demo-ed3s_snc/session
═══ Demo complete ═══
